<?xml version="1.0" encoding="UTF-8"?>
<!-- Generated by org.testng.reporters.JUnitXMLReporter -->
<testsuite ignored="0" hostname="VLAD" failures="0" tests="5" name="Default test" time="42.977" errors="0" timestamp="2023-05-11T17:28:42 CDT">
  <testcase classname="com.acti.testcase.LoginPageTests" name="testActiImgDisplayed" time="3.183"/>
  <testcase classname="com.acti.testcase.LoginPageTests" name="testForgotPasswordedDisplayed" time="3.063"/>
  <testcase classname="com.acti.testcase.LoginPageTests" name="testLoginFunction" time="3.22"/>
  <testcase classname="com.acti.testcase.LoginPageTests" name="testLoginInvalidCredientials" time="3.232"/>
  <testcase classname="com.acti.testcase.LoginPageTests" name="testLoginPageTitle" time="3.025"/>
</testsuite> <!-- Default test -->
