<?xml version="1.0" encoding="UTF-8"?>
<!-- Generated by org.testng.reporters.JUnitXMLReporter -->
<testsuite ignored="0" hostname="VLAD" failures="0" tests="5" name="Default test" time="43.952" errors="0" timestamp="2023-05-12T14:55:04 CDT">
  <testcase classname="com.acti.testcase.LoginPageTests" name="testActiImgDisplayed" time="3.091"/>
  <testcase classname="com.acti.testcase.LoginPageTests" name="testForgotPasswordedDisplayed" time="3.049"/>
  <testcase classname="com.acti.testcase.LoginPageTests" name="testLoginFunction" time="5.612"/>
  <testcase classname="com.acti.testcase.LoginPageTests" name="testLoginInvalidCredientials" time="3.277"/>
  <testcase classname="com.acti.testcase.LoginPageTests" name="testLoginPageTitle" time="3.023"/>
</testsuite> <!-- Default test -->
