<?xml version="1.0" encoding="UTF-8"?>
<testng-results ignored="0" total="5" passed="5" failed="0" skipped="0">
  <reporter-output>
  </reporter-output>
  <suite started-at="2023-05-11T17:27:59 CDT" name="Default suite" finished-at="2023-05-11T17:28:42 CDT" duration-ms="42977">
    <groups>
    </groups>
    <test started-at="2023-05-11T17:27:59 CDT" name="Default test" finished-at="2023-05-11T17:28:42 CDT" duration-ms="42977">
      <class name="com.acti.testcase.LoginPageTests">
        <test-method is-config="true" signature="preTest()[pri:0, instance:com.acti.testcase.LoginPageTests@5b03b9fe]" started-at="2023-05-11T17:27:59 CDT" name="preTest" finished-at="2023-05-11T17:28:05 CDT" duration-ms="5737" status="PASS">
          <reporter-output>
          </reporter-output>
        </test-method> <!-- preTest -->
        <test-method signature="testActiImgDisplayed()[pri:0, instance:com.acti.testcase.LoginPageTests@5b03b9fe]" started-at="2023-05-11T17:28:05 CDT" name="testActiImgDisplayed" finished-at="2023-05-11T17:28:08 CDT" duration-ms="3183" status="PASS">
          <reporter-output>
          </reporter-output>
        </test-method> <!-- testActiImgDisplayed -->
        <test-method is-config="true" signature="tearDown()[pri:0, instance:com.acti.testcase.LoginPageTests@5b03b9fe]" started-at="2023-05-11T17:28:08 CDT" name="tearDown" finished-at="2023-05-11T17:28:08 CDT" duration-ms="143" status="PASS">
          <reporter-output>
          </reporter-output>
        </test-method> <!-- tearDown -->
        <test-method is-config="true" signature="preTest()[pri:0, instance:com.acti.testcase.LoginPageTests@5b03b9fe]" started-at="2023-05-11T17:28:08 CDT" name="preTest" finished-at="2023-05-11T17:28:14 CDT" duration-ms="6047" status="PASS">
          <reporter-output>
          </reporter-output>
        </test-method> <!-- preTest -->
        <test-method signature="testForgotPasswordedDisplayed()[pri:0, instance:com.acti.testcase.LoginPageTests@5b03b9fe]" started-at="2023-05-11T17:28:14 CDT" name="testForgotPasswordedDisplayed" finished-at="2023-05-11T17:28:17 CDT" duration-ms="3063" status="PASS">
          <reporter-output>
          </reporter-output>
        </test-method> <!-- testForgotPasswordedDisplayed -->
        <test-method is-config="true" signature="tearDown()[pri:0, instance:com.acti.testcase.LoginPageTests@5b03b9fe]" started-at="2023-05-11T17:28:17 CDT" name="tearDown" finished-at="2023-05-11T17:28:17 CDT" duration-ms="143" status="PASS">
          <reporter-output>
          </reporter-output>
        </test-method> <!-- tearDown -->
        <test-method is-config="true" signature="preTest()[pri:0, instance:com.acti.testcase.LoginPageTests@5b03b9fe]" started-at="2023-05-11T17:28:17 CDT" name="preTest" finished-at="2023-05-11T17:28:22 CDT" duration-ms="4850" status="PASS">
          <reporter-output>
          </reporter-output>
        </test-method> <!-- preTest -->
        <test-method signature="testLoginFunction()[pri:0, instance:com.acti.testcase.LoginPageTests@5b03b9fe]" started-at="2023-05-11T17:28:22 CDT" name="testLoginFunction" finished-at="2023-05-11T17:28:25 CDT" duration-ms="3220" status="PASS">
          <reporter-output>
          </reporter-output>
        </test-method> <!-- testLoginFunction -->
        <test-method is-config="true" signature="tearDown()[pri:0, instance:com.acti.testcase.LoginPageTests@5b03b9fe]" started-at="2023-05-11T17:28:25 CDT" name="tearDown" finished-at="2023-05-11T17:28:25 CDT" duration-ms="158" status="PASS">
          <reporter-output>
          </reporter-output>
        </test-method> <!-- tearDown -->
        <test-method is-config="true" signature="preTest()[pri:0, instance:com.acti.testcase.LoginPageTests@5b03b9fe]" started-at="2023-05-11T17:28:25 CDT" name="preTest" finished-at="2023-05-11T17:28:31 CDT" duration-ms="5224" status="PASS">
          <reporter-output>
          </reporter-output>
        </test-method> <!-- preTest -->
        <test-method signature="testLoginInvalidCredientials()[pri:0, instance:com.acti.testcase.LoginPageTests@5b03b9fe]" started-at="2023-05-11T17:28:31 CDT" name="testLoginInvalidCredientials" finished-at="2023-05-11T17:28:34 CDT" duration-ms="3232" status="PASS">
          <reporter-output>
          </reporter-output>
        </test-method> <!-- testLoginInvalidCredientials -->
        <test-method is-config="true" signature="tearDown()[pri:0, instance:com.acti.testcase.LoginPageTests@5b03b9fe]" started-at="2023-05-11T17:28:34 CDT" name="tearDown" finished-at="2023-05-11T17:28:34 CDT" duration-ms="174" status="PASS">
          <reporter-output>
          </reporter-output>
        </test-method> <!-- tearDown -->
        <test-method is-config="true" signature="preTest()[pri:0, instance:com.acti.testcase.LoginPageTests@5b03b9fe]" started-at="2023-05-11T17:28:34 CDT" name="preTest" finished-at="2023-05-11T17:28:39 CDT" duration-ms="4588" status="PASS">
          <reporter-output>
          </reporter-output>
        </test-method> <!-- preTest -->
        <test-method signature="testLoginPageTitle()[pri:0, instance:com.acti.testcase.LoginPageTests@5b03b9fe]" started-at="2023-05-11T17:28:39 CDT" name="testLoginPageTitle" finished-at="2023-05-11T17:28:42 CDT" duration-ms="3025" status="PASS">
          <reporter-output>
          </reporter-output>
        </test-method> <!-- testLoginPageTitle -->
        <test-method is-config="true" signature="tearDown()[pri:0, instance:com.acti.testcase.LoginPageTests@5b03b9fe]" started-at="2023-05-11T17:28:42 CDT" name="tearDown" finished-at="2023-05-11T17:28:42 CDT" duration-ms="158" status="PASS">
          <reporter-output>
          </reporter-output>
        </test-method> <!-- tearDown -->
      </class> <!-- com.acti.testcase.LoginPageTests -->
    </test> <!-- Default test -->
  </suite> <!-- Default suite -->
</testng-results>
