<?xml version="1.0" encoding="UTF-8"?>
<testng-results ignored="0" total="2" passed="2" failed="0" skipped="0">
  <reporter-output>
  </reporter-output>
  <suite started-at="2023-05-16T23:14:54 CDT" name="Default suite" finished-at="2023-05-16T23:15:46 CDT" duration-ms="52040">
    <groups>
    </groups>
    <test started-at="2023-05-16T23:14:54 CDT" name="Default test" finished-at="2023-05-16T23:15:46 CDT" duration-ms="52040">
      <class name="com.acti.testcase.TaskPageTests">
        <test-method is-config="true" signature="reportSetup()[pri:0, instance:com.acti.testcase.TaskPageTests@59505b48]" started-at="2023-05-16T23:14:54 CDT" name="reportSetup" finished-at="2023-05-16T23:14:54 CDT" duration-ms="335" status="PASS">
          <reporter-output>
          </reporter-output>
        </test-method> <!-- reportSetup -->
        <test-method is-config="true" signature="preTest()[pri:0, instance:com.acti.testcase.TaskPageTests@59505b48]" started-at="2023-05-16T23:14:54 CDT" name="preTest" finished-at="2023-05-16T23:15:02 CDT" duration-ms="8456" status="PASS">
          <reporter-output>
          </reporter-output>
        </test-method> <!-- preTest -->
        <test-method signature="testCreateCustomer()[pri:1, instance:com.acti.testcase.TaskPageTests@59505b48]" started-at="2023-05-16T23:15:02 CDT" name="testCreateCustomer" finished-at="2023-05-16T23:15:15 CDT" duration-ms="12786" status="PASS">
          <reporter-output>
          </reporter-output>
        </test-method> <!-- testCreateCustomer -->
        <test-method is-config="true" signature="tearDown()[pri:0, instance:com.acti.testcase.TaskPageTests@59505b48]" started-at="2023-05-16T23:15:15 CDT" name="tearDown" finished-at="2023-05-16T23:15:16 CDT" duration-ms="512" status="PASS">
          <reporter-output>
          </reporter-output>
        </test-method> <!-- tearDown -->
        <test-method is-config="true" signature="preTest()[pri:0, instance:com.acti.testcase.TaskPageTests@59505b48]" started-at="2023-05-16T23:15:16 CDT" name="preTest" finished-at="2023-05-16T23:15:23 CDT" duration-ms="7543" status="PASS">
          <reporter-output>
          </reporter-output>
        </test-method> <!-- preTest -->
        <test-method signature="testDeleteCustomer()[pri:2, instance:com.acti.testcase.TaskPageTests@59505b48]" started-at="2023-05-16T23:15:23 CDT" name="testDeleteCustomer" finished-at="2023-05-16T23:15:46 CDT" duration-ms="22350" status="PASS">
          <reporter-output>
          </reporter-output>
        </test-method> <!-- testDeleteCustomer -->
        <test-method is-config="true" signature="tearDown()[pri:0, instance:com.acti.testcase.TaskPageTests@59505b48]" started-at="2023-05-16T23:15:46 CDT" name="tearDown" finished-at="2023-05-16T23:15:46 CDT" duration-ms="354" status="PASS">
          <reporter-output>
          </reporter-output>
        </test-method> <!-- tearDown -->
      </class> <!-- com.acti.testcase.TaskPageTests -->
    </test> <!-- Default test -->
  </suite> <!-- Default suite -->
</testng-results>
